zxing_library/build/outputs/logs/manifest-merger-debug-report.txt
-- Merging decision tree log ---
manifest
ADDED from src\main\AndroidManifest.xml:17:1-231:12
INJECTED from src\main\AndroidManifest.xml:17:1-231:12
INJECTED from src\main\AndroidManifest.xml:17:1-231:12
INJECTED from src\main\AndroidManifest.xml:17:1-231:12
INJECTED from src\main\AndroidManifest.xml:17:1-231:12
INJECTED from src\main\AndroidManifest.xml:17:1-231:12
INJECTED from src\main\AndroidManifest.xml:17:1-231:12
	package
		ADDED from src\main\AndroidManifest.xml:18:5-46
		INJECTED from src\main\AndroidManifest.xml
		INJECTED from src\main\AndroidManifest.xml
	android:versionName
		ADDED from src\main\AndroidManifest.xml:21:5-32
		INJECTED from src\main\AndroidManifest.xml
		INJECTED from src\main\AndroidManifest.xml
	xmlns:android
		ADDED from src\main\AndroidManifest.xml:17:11-69
	android:versionCode
		ADDED from src\main\AndroidManifest.xml:20:5-29
		INJECTED from src\main\AndroidManifest.xml
		INJECTED from src\main\AndroidManifest.xml
	android:installLocation
		ADDED from src\main\AndroidManifest.xml:19:5-35
uses-permission#android.permission.CAMERA
ADDED from src\main\AndroidManifest.xml:23:5-65
	android:name
		ADDED from src\main\AndroidManifest.xml:23:22-62
uses-permission#android.permission.INTERNET
ADDED from src\main\AndroidManifest.xml:24:5-67
	android:name
		ADDED from src\main\AndroidManifest.xml:24:22-64
uses-permission#android.permission.VIBRATE
ADDED from src\main\AndroidManifest.xml:25:5-66
	android:name
		ADDED from src\main\AndroidManifest.xml:25:22-63
uses-permission#android.permission.FLASHLIGHT
ADDED from src\main\AndroidManifest.xml:26:5-69
	android:name
		ADDED from src\main\AndroidManifest.xml:26:22-66
uses-permission#android.permission.READ_CONTACTS
ADDED from src\main\AndroidManifest.xml:27:5-72
	android:name
		ADDED from src\main\AndroidManifest.xml:27:22-69
uses-permission#com.android.browser.permission.READ_HISTORY_BOOKMARKS
ADDED from src\main\AndroidManifest.xml:28:5-93
	android:name
		ADDED from src\main\AndroidManifest.xml:28:22-90
uses-permission#android.permission.WRITE_EXTERNAL_STORAGE
ADDED from src\main\AndroidManifest.xml:29:5-81
	android:name
		ADDED from src\main\AndroidManifest.xml:29:22-78
uses-permission#android.permission.CHANGE_WIFI_STATE
ADDED from src\main\AndroidManifest.xml:30:5-76
	android:name
		ADDED from src\main\AndroidManifest.xml:30:22-73
uses-permission#android.permission.ACCESS_WIFI_STATE
ADDED from src\main\AndroidManifest.xml:31:5-76
	android:name
		ADDED from src\main\AndroidManifest.xml:31:22-73
uses-feature#android.hardware.camera
ADDED from src\main\AndroidManifest.xml:36:5-38:36
	android:required
		ADDED from src\main\AndroidManifest.xml:38:9-33
	android:name
		ADDED from src\main\AndroidManifest.xml:37:9-47
uses-feature#android.hardware.camera.front
ADDED from src\main\AndroidManifest.xml:39:5-41:36
	android:required
		ADDED from src\main\AndroidManifest.xml:41:9-33
	android:name
		ADDED from src\main\AndroidManifest.xml:40:9-53
uses-feature#android.hardware.camera.autofocus
ADDED from src\main\AndroidManifest.xml:44:5-46:36
	android:required
		ADDED from src\main\AndroidManifest.xml:46:9-33
	android:name
		ADDED from src\main\AndroidManifest.xml:45:9-57
uses-feature#android.hardware.camera.flash
ADDED from src\main\AndroidManifest.xml:47:5-49:36
	android:required
		ADDED from src\main\AndroidManifest.xml:49:9-33
	android:name
		ADDED from src\main\AndroidManifest.xml:48:9-53
uses-feature#android.hardware.screen.landscape
ADDED from src\main\AndroidManifest.xml:50:5-70
	android:name
		ADDED from src\main\AndroidManifest.xml:50:19-67
uses-feature#android.hardware.wifi
ADDED from src\main\AndroidManifest.xml:51:5-53:36
	android:required
		ADDED from src\main\AndroidManifest.xml:53:9-33
	android:name
		ADDED from src\main\AndroidManifest.xml:52:9-45
uses-feature#android.hardware.touchscreen
ADDED from src\main\AndroidManifest.xml:55:5-65
	android:name
		ADDED from src\main\AndroidManifest.xml:55:19-62
supports-screens
ADDED from src\main\AndroidManifest.xml:58:5-63:40
	android:largeScreens
		ADDED from src\main\AndroidManifest.xml:60:9-36
	android:smallScreens
		ADDED from src\main\AndroidManifest.xml:62:9-36
	android:normalScreens
		ADDED from src\main\AndroidManifest.xml:61:9-37
	android:xlargeScreens
		ADDED from src\main\AndroidManifest.xml:63:9-37
	android:anyDensity
		ADDED from src\main\AndroidManifest.xml:59:9-34
application
ADDED from src\main\AndroidManifest.xml:65:5-229:19
	android:label
		ADDED from src\main\AndroidManifest.xml:67:9-41
	android:allowBackup
		ADDED from src\main\AndroidManifest.xml:66:9-35
activity#com.mobility.test.BarcodeTest
ADDED from src\main\AndroidManifest.xml:68:9-74:20
	android:name
		ADDED from src\main\AndroidManifest.xml:68:19-63
activity#com.google.zxing.client.android.CaptureActivity
ADDED from src\main\AndroidManifest.xml:75:9-136:20
	android:screenOrientation
		ADDED from src\main\AndroidManifest.xml:79:13-50
	android:clearTaskOnLaunch
		ADDED from src\main\AndroidManifest.xml:77:13-45
	android:stateNotNeeded
		ADDED from src\main\AndroidManifest.xml:80:13-42
	android:windowSoftInputMode
		ADDED from src\main\AndroidManifest.xml:82:13-60
	android:configChanges
		ADDED from src\main\AndroidManifest.xml:78:13-63
	android:theme
		ADDED from src\main\AndroidManifest.xml:81:13-71
	android:name
		ADDED from src\main\AndroidManifest.xml:76:13-44
intent-filter#action:name:com.google.zxing.client.android.CGCUSTOMSCAN+category:name:android.intent.category.DEFAULT
ADDED from src\main\AndroidManifest.xml:83:13-87:29
action#com.google.zxing.client.android.CGCUSTOMSCAN
ADDED from src\main\AndroidManifest.xml:84:17-87
	android:name
		ADDED from src\main\AndroidManifest.xml:84:25-84
category#android.intent.category.DEFAULT
ADDED from src\main\AndroidManifest.xml:86:17-76
	android:name
		ADDED from src\main\AndroidManifest.xml:86:27-73
activity#com.google.zxing.client.android.PreferencesActivity
ADDED from src\main\AndroidManifest.xml:137:9-141:20
	android:stateNotNeeded
		ADDED from src\main\AndroidManifest.xml:140:13-42
	android:label
		ADDED from src\main\AndroidManifest.xml:139:13-53
	android:name
		ADDED from src\main\AndroidManifest.xml:138:13-48
activity#com.google.zxing.client.android.encode.EncodeActivity
ADDED from src\main\AndroidManifest.xml:142:9-166:20
	android:stateNotNeeded
		ADDED from src\main\AndroidManifest.xml:144:13-42
	android:name
		ADDED from src\main\AndroidManifest.xml:143:13-50
intent-filter#action:name:com.google.zxing.client.android.ENCODE+category:name:android.intent.category.DEFAULT
ADDED from src\main\AndroidManifest.xml:145:13-149:29
action#com.google.zxing.client.android.ENCODE
ADDED from src\main\AndroidManifest.xml:146:17-81
	android:name
		ADDED from src\main\AndroidManifest.xml:146:25-78
intent-filter#action:name:android.intent.action.SEND+category:name:android.intent.category.DEFAULT+data:mimeType:text/x-vcard
ADDED from src\main\AndroidManifest.xml:151:13-157:29
action#android.intent.action.SEND
ADDED from src\main\AndroidManifest.xml:152:17-69
	android:name
		ADDED from src\main\AndroidManifest.xml:152:25-66
data
ADDED from src\main\AndroidManifest.xml:156:17-57
	android:mimeType
		ADDED from src\main\AndroidManifest.xml:156:23-54
intent-filter#action:name:android.intent.action.SEND+category:name:android.intent.category.DEFAULT+data:mimeType:text/plain
ADDED from src\main\AndroidManifest.xml:159:13-165:29
activity#com.google.zxing.client.android.book.SearchBookContentsActivity
ADDED from src\main\AndroidManifest.xml:167:9-178:20
	android:screenOrientation
		ADDED from src\main\AndroidManifest.xml:171:13-50
	android:stateNotNeeded
		ADDED from src\main\AndroidManifest.xml:172:13-42
	android:label
		ADDED from src\main\AndroidManifest.xml:170:13-45
	android:configChanges
		ADDED from src\main\AndroidManifest.xml:169:13-63
	android:name
		ADDED from src\main\AndroidManifest.xml:168:13-60
intent-filter#action:name:com.google.zxing.client.android.SEARCH_BOOK_CONTENTS+category:name:android.intent.category.DEFAULT
ADDED from src\main\AndroidManifest.xml:173:13-177:29
action#com.google.zxing.client.android.SEARCH_BOOK_CONTENTS
ADDED from src\main\AndroidManifest.xml:174:17-95
	android:name
		ADDED from src\main\AndroidManifest.xml:174:25-92
activity#com.google.zxing.client.android.share.ShareActivity
ADDED from src\main\AndroidManifest.xml:179:9-188:20
	android:screenOrientation
		ADDED from src\main\AndroidManifest.xml:181:13-45
	android:stateNotNeeded
		ADDED from src\main\AndroidManifest.xml:182:13-42
	android:name
		ADDED from src\main\AndroidManifest.xml:180:13-48
intent-filter#action:name:com.google.zxing.client.android.SHARE+category:name:android.intent.category.DEFAULT
ADDED from src\main\AndroidManifest.xml:183:13-187:29
action#com.google.zxing.client.android.SHARE
ADDED from src\main\AndroidManifest.xml:184:17-80
	android:name
		ADDED from src\main\AndroidManifest.xml:184:25-77
activity#com.google.zxing.client.android.history.HistoryActivity
ADDED from src\main\AndroidManifest.xml:189:9-198:20
	android:stateNotNeeded
		ADDED from src\main\AndroidManifest.xml:192:13-42
	android:label
		ADDED from src\main\AndroidManifest.xml:191:13-50
	android:name
		ADDED from src\main\AndroidManifest.xml:190:13-52
intent-filter#action:name:android.intent.action.VIEW+category:name:android.intent.category.DEFAULT
ADDED from src\main\AndroidManifest.xml:193:13-197:29
action#android.intent.action.VIEW
ADDED from src\main\AndroidManifest.xml:194:17-69
	android:name
		ADDED from src\main\AndroidManifest.xml:194:25-66
activity#com.google.zxing.client.android.share.BookmarkPickerActivity
ADDED from src\main\AndroidManifest.xml:199:9-208:20
	android:stateNotNeeded
		ADDED from src\main\AndroidManifest.xml:202:13-42
	android:label
		ADDED from src\main\AndroidManifest.xml:201:13-57
	android:name
		ADDED from src\main\AndroidManifest.xml:200:13-57
intent-filter#action:name:android.intent.action.PICK+category:name:android.intent.category.DEFAULT
ADDED from src\main\AndroidManifest.xml:203:13-207:29
action#android.intent.action.PICK
ADDED from src\main\AndroidManifest.xml:204:17-69
	android:name
		ADDED from src\main\AndroidManifest.xml:204:25-66
activity#com.google.zxing.client.android.share.AppPickerActivity
ADDED from src\main\AndroidManifest.xml:209:9-219:20
	android:stateNotNeeded
		ADDED from src\main\AndroidManifest.xml:213:13-42
	android:label
		ADDED from src\main\AndroidManifest.xml:212:13-52
	android:configChanges
		ADDED from src\main\AndroidManifest.xml:211:13-48
	android:name
		ADDED from src\main\AndroidManifest.xml:210:13-52
activity#com.google.zxing.client.android.HelpActivity
ADDED from src\main\AndroidManifest.xml:220:9-228:20
	android:screenOrientation
		ADDED from src\main\AndroidManifest.xml:222:13-45
	android:name
		ADDED from src\main\AndroidManifest.xml:221:13-41
uses-sdk
INJECTED from src\main\AndroidManifest.xml reason: use-sdk injection requested
INJECTED from src\main\AndroidManifest.xml
INJECTED from src\main\AndroidManifest.xml
INJECTED from src\main\AndroidManifest.xml
INJECTED from src\main\AndroidManifest.xml
	android:targetSdkVersion
		INJECTED from src\main\AndroidManifest.xml
		ADDED from src\main\AndroidManifest.xml
		INJECTED from src\main\AndroidManifest.xml
	android:minSdkVersion
		INJECTED from src\main\AndroidManifest.xml
		ADDED from src\main\AndroidManifest.xml
		INJECTED from src\main\AndroidManifest.xml